<?xml version="1.0" encoding="UTF-8"?>
<!-- Generated by org.testng.reporters.JUnitReportReporter -->
<testsuite skipped="0" hostname="LAPTOP-I5MPUN7Q" name="com.helpBot.testcases.HelpBotWindowTest" tests="1" failures="0" timestamp="2022-06-13T16:36:04 IST" time="28.321" errors="0">
  <testcase name="feedBackTest" time="28.321" classname="com.helpBot.testcases.HelpBotWindowTest"/>
  <system-out/>
</testsuite> <!-- com.helpBot.testcases.HelpBotWindowTest -->
