<?xml version="1.0" encoding="UTF-8"?>
<!-- Generated by org.testng.reporters.JUnitReportReporter -->
<testsuite skipped="0" hostname="LAPTOP-I5MPUN7Q" name="com.helpBot.testcases.SelectArticleTest" tests="1" failures="0" timestamp="2022-06-10T10:35:37 IST" time="28.008" errors="0">
  <testcase name="selectArticle" time="28.008" classname="com.helpBot.testcases.SelectArticleTest"/>
  <system-out/>
</testsuite> <!-- com.helpBot.testcases.SelectArticleTest -->
