<?xml version="1.0" encoding="UTF-8"?>
<!-- Generated by org.testng.reporters.JUnitReportReporter -->
<testsuite skipped="0" hostname="LAPTOP-I5MPUN7Q" name="demo.Browser" tests="1" failures="0" timestamp="2022-05-26T17:34:12 IST" time="3.733" errors="0">
  <testcase name="test" time="3.733" classname="demo.Browser"/>
  <system-out/>
</testsuite> <!-- demo.Browser -->
