<?xml version="1.0" encoding="UTF-8"?>
<!-- Generated by org.testng.reporters.JUnitReportReporter -->
<testsuite skipped="0" hostname="LAPTOP-I5MPUN7Q" name="com.helpBot.testcases.SearchTest" tests="1" failures="0" timestamp="2022-06-09T14:34:57 IST" time="21.668" errors="0">
  <testcase name="searchTopic" time="21.668" classname="com.helpBot.testcases.SearchTest"/>
  <system-out/>
</testsuite> <!-- com.helpBot.testcases.SearchTest -->
