<?xml version="1.0" encoding="UTF-8"?>
<!-- Generated by org.testng.reporters.JUnitReportReporter -->
<testsuite skipped="0" hostname="LAPTOP-I5MPUN7Q" name="com.helpBot.testcases.TopicSelectTest" tests="1" failures="0" timestamp="2022-06-13T09:35:06 IST" time="26.276" errors="0">
  <testcase name="test" time="26.276" classname="com.helpBot.testcases.TopicSelectTest"/>
  <system-out/>
</testsuite> <!-- com.helpBot.testcases.TopicSelectTest -->
