<?xml version="1.0" encoding="UTF-8"?>
<!-- Generated by org.testng.reporters.JUnitReportReporter -->
<testsuite skipped="0" hostname="LAPTOP-I5MPUN7Q" name="com.helpBot.testcases.ClickonHelpAnContactTest" tests="1" failures="0" timestamp="2022-06-09T14:04:50 IST" time="24.708" errors="0">
  <testcase name="clickOnHc" time="24.708" classname="com.helpBot.testcases.ClickonHelpAnContactTest"/>
  <system-out/>
</testsuite> <!-- com.helpBot.testcases.ClickonHelpAnContactTest -->
